<?xml version="1.0" encoding="UTF-8"?>
<!-- Generated by org.testng.reporters.JUnitXMLReporter -->
<testsuite ignored="0" hostname="USBLRRAVSHUKLA1" failures="0" tests="2" name="Default test" time="12.578" errors="0" timestamp="2021-05-16T19:23:28 IST">
  <testcase classname="com.mercurytravel.test.HomePageTests" name="verifyTitleOfTheHomePage" time="0.031"/>
  <testcase classname="com.mercurytravel.test.HomePageTests" name="verifyUserLogin" time="1.734"/>
</testsuite> <!-- Default test -->
